Using pre-set license
Built from '2020.3/staging' branch; Version is '2020.3.4f1 (0abb6314276a) revision 703331'; Using compiler version '192528614'; Build Type 'Release'
OS: 'Windows 10 Home Single Language; OS build 19042.1110; Version 2009; 64bit' Language: 'en' Physical Memory: 8032 MB
BatchMode: 1, IsHumanControllingUs: 0, StartBugReporterOnCrash: 0, Is64bit: 1, IsPro: 0

 COMMAND LINE ARGUMENTS:
E:\UnityEditor\Editor\2020.3.4f1\Editor\Unity.exe
-adb2
-batchMode
-noUpm
-name
AssetImportWorker2
-projectPath
E:/GitHub/Projects/SpaceEncounterr/SpaceEncounter
-logFile
Logs/AssetImportWorker2.log
-srvPort
56058
Successfully changed project path to: E:/GitHub/Projects/SpaceEncounterr/SpaceEncounter
E:/GitHub/Projects/SpaceEncounterr/SpaceEncounter
Using Asset Import Pipeline V2.
Refreshing native plugins compatible for Editor in 210.13 ms, found 0 plugins.
Preloading 0 native plugins for Editor in 0.00 ms.
Initialize engine version: 2020.3.4f1 (0abb6314276a)
[Subsystems] Discovering subsystems at path E:/UnityEditor/Editor/2020.3.4f1/Editor/Data/Resources/UnitySubsystems
[Subsystems] Discovering subsystems at path E:/GitHub/Projects/SpaceEncounterr/SpaceEncounter/Assets
GfxDevice: creating device client; threaded=0
Direct3D:
    Version:  Direct3D 11.0 [level 11.1]
    Renderer: NVIDIA GeForce GTX 1050 Ti (ID=0x1c8c)
    Vendor:   
    VRAM:     4018 MB
    Driver:   26.21.14.4128
Initialize mono
Mono path[0] = 'E:/UnityEditor/Editor/2020.3.4f1/Editor/Data/Managed'
Mono path[1] = 'E:/UnityEditor/Editor/2020.3.4f1/Editor/Data/MonoBleedingEdge/lib/mono/unityjit'
Mono config path = 'E:/UnityEditor/Editor/2020.3.4f1/Editor/Data/MonoBleedingEdge/etc'
Using monoOptions --debugger-agent=transport=dt_socket,embedding=1,server=y,suspend=n,address=127.0.0.1:56212
Begin MonoManager ReloadAssembly
Registering precompiled unity dll's ...
Register platform support module: E:/UnityEditor/Editor/2020.3.4f1/Editor/Data/PlaybackEngines/WebGLSupport/UnityEditor.WebGL.Extensions.dll
Register platform support module: E:/UnityEditor/Editor/2020.3.4f1/Editor/Data/PlaybackEngines/WindowsStandaloneSupport/UnityEditor.WindowsStandalone.Extensions.dll
Registered in 0.002164 seconds.
Native extension for WindowsStandalone target not found
Native extension for WebGL target not found
Refreshing native plugins compatible for Editor in 95.55 ms, found 0 plugins.
Preloading 0 native plugins for Editor in 0.00 ms.
Mono: successfully reloaded assembly
- Completed reload, in  1.593 seconds
Platform modules already initialized, skipping
Registering precompiled user dll's ...
Registered in 0.001782 seconds.
Begin MonoManager ReloadAssembly
Native extension for WindowsStandalone target not found
Native extension for WebGL target not found
Refreshing native plugins compatible for Editor in 92.16 ms, found 0 plugins.
Preloading 0 native plugins for Editor in 0.00 ms.
Mono: successfully reloaded assembly
- Completed reload, in  1.538 seconds
Platform modules already initialized, skipping
========================================================================
Worker process is ready to serve import requests
Shader 'Universal Render Pipeline/Particles/Lit': fallback shader 'Universal Render Pipeline/Particles/SimpleLit' not found
Shader 'Universal Render Pipeline/Particles/Lit': fallback shader 'Universal Render Pipeline/Particles/SimpleLit' not found
Launched and connected shader compiler UnityShaderCompiler.exe after 0.17 seconds
Refreshing native plugins compatible for Editor in 0.72 ms, found 0 plugins.
Preloading 0 native plugins for Editor in 0.00 ms.
Unloading 2469 Unused Serialized files (Serialized files now loaded: 0)
System memory in use before: 118.9 MB.
System memory in use after: 117.1 MB.

Unloading 37 unused Assets to reduce memory usage. Loaded Objects now: 2888.
Total: 4.485300 ms (FindLiveObjects: 0.350800 ms CreateObjectMapping: 0.184100 ms MarkObjects: 2.589600 ms  DeleteObjects: 1.358800 ms)

========================================================================
Received Import Request.
  path: Assets/_SpaceEncounter/Audio/AlienGrunt.wav
  artifactKey: Guid(db5e4288ffe1a9742bf48b63a3853b2a) Importer(815301076,1909f56bfc062723c751e8b465ee728b)
Start importing Assets/_SpaceEncounter/Audio/AlienGrunt.wav using Guid(db5e4288ffe1a9742bf48b63a3853b2a) Importer(815301076,1909f56bfc062723c751e8b465ee728b)  -> (artifact id: '8b4c5c4472b8f3d5e87c90c06d39fe32') in 0.971458 seconds
  Import took 1.022572 seconds .

========================================================================
Received Import Request.
  Time since last request: 0.026611 seconds.
  path: Assets/_SpaceEncounter/Scenes/level - Basement boss fight/Lightmap-13_comp_dir.png
  artifactKey: Guid(7919f71a4fa4c224d9a9898891712828) Importer(815301076,1909f56bfc062723c751e8b465ee728b)
Start importing Assets/_SpaceEncounter/Scenes/level - Basement boss fight/Lightmap-13_comp_dir.png using Guid(7919f71a4fa4c224d9a9898891712828) Importer(815301076,1909f56bfc062723c751e8b465ee728b)  -> (artifact id: '8beb8c4b2501d080f34fbf4758a6bc36') in 0.233452 seconds
  Import took 0.239108 seconds .

========================================================================
Received Import Request.
  Time since last request: 0.000528 seconds.
  path: Assets/_SpaceEncounter/Scenes/level - Basement boss fight/Lightmap-10_comp_dir.png
  artifactKey: Guid(1668d1e4676ceeb4c961fa14cc51250f) Importer(815301076,1909f56bfc062723c751e8b465ee728b)
Start importing Assets/_SpaceEncounter/Scenes/level - Basement boss fight/Lightmap-10_comp_dir.png using Guid(1668d1e4676ceeb4c961fa14cc51250f) Importer(815301076,1909f56bfc062723c751e8b465ee728b)  -> (artifact id: '75b47cca05d80f9f0a6ece0370f7665f') in 0.040327 seconds
  Import took 0.061855 seconds .

========================================================================
Received Import Request.
  Time since last request: 0.000491 seconds.
  path: Assets/_SpaceEncounter/Scenes/level - Basement boss fight/Lightmap-2_comp_light.exr
  artifactKey: Guid(01e42a5b83138564a903e24da207d209) Importer(815301076,1909f56bfc062723c751e8b465ee728b)
Start importing Assets/_SpaceEncounter/Scenes/level - Basement boss fight/Lightmap-2_comp_light.exr using Guid(01e42a5b83138564a903e24da207d209) Importer(815301076,1909f56bfc062723c751e8b465ee728b)  -> (artifact id: 'b79ab0ff88aa5b1cf151139d2cecf0a0') in 1.813162 seconds
  Import took 1.818796 seconds .

========================================================================
Received Import Request.
  Time since last request: 0.000608 seconds.
  path: Assets/_SpaceEncounter/Scenes/level - Basement boss fight/Lightmap-3_comp_light.exr
  artifactKey: Guid(0a01084e68ff8be40a5800048e6d896e) Importer(815301076,1909f56bfc062723c751e8b465ee728b)
Start importing Assets/_SpaceEncounter/Scenes/level - Basement boss fight/Lightmap-3_comp_light.exr using Guid(0a01084e68ff8be40a5800048e6d896e) Importer(815301076,1909f56bfc062723c751e8b465ee728b)  -> (artifact id: '71a94588efc0efe6989f57cc803dd0f4') in 0.019156 seconds
  Import took 0.040319 seconds .

========================================================================
Received Import Request.
  Time since last request: 0.000550 seconds.
  path: Assets/_SpaceEncounter/Scenes/level - Basement boss fight/Lightmap-7_comp_dir.png
  artifactKey: Guid(a7084bdd2ac663d49af25f3a753b6bca) Importer(815301076,1909f56bfc062723c751e8b465ee728b)
Start importing Assets/_SpaceEncounter/Scenes/level - Basement boss fight/Lightmap-7_comp_dir.png using Guid(a7084bdd2ac663d49af25f3a753b6bca) Importer(815301076,1909f56bfc062723c751e8b465ee728b)  -> (artifact id: '11ae05ae3165812a6f4ab0dc137c03a9') in 0.061603 seconds
  Import took 0.066828 seconds .

========================================================================
Received Import Request.
  Time since last request: 0.000485 seconds.
  path: Assets/_SpaceEncounter/Scenes/level - Basement boss fight/Lightmap-9_comp_dir.png
  artifactKey: Guid(63a1946a5110337458245e0a8d58e1d6) Importer(815301076,1909f56bfc062723c751e8b465ee728b)
Start importing Assets/_SpaceEncounter/Scenes/level - Basement boss fight/Lightmap-9_comp_dir.png using Guid(63a1946a5110337458245e0a8d58e1d6) Importer(815301076,1909f56bfc062723c751e8b465ee728b)  -> (artifact id: '0129e436652186f8a197d861bf14e88b') in 0.016289 seconds
  Import took 0.022557 seconds .

========================================================================
Received Import Request.
  Time since last request: 0.000519 seconds.
  path: Assets/_SpaceEncounter/Audio/playerShoot1.wav
  artifactKey: Guid(b3c1cc50b3f517e45a33e177c929ed2c) Importer(815301076,1909f56bfc062723c751e8b465ee728b)
Start importing Assets/_SpaceEncounter/Audio/playerShoot1.wav using Guid(b3c1cc50b3f517e45a33e177c929ed2c) Importer(815301076,1909f56bfc062723c751e8b465ee728b)  -> (artifact id: '51b75fdbd3f42ffdf69f7dcbbe88c7f9') in 0.027284 seconds
  Import took 0.044227 seconds .

========================================================================
Received Import Request.
  Time since last request: 0.000517 seconds.
  path: Assets/_SpaceEncounter/Scenes/level - Basement boss fight/Lightmap-5_comp_dir.png
  artifactKey: Guid(550a12b77bc80c24eafeecfafde06eac) Importer(815301076,1909f56bfc062723c751e8b465ee728b)
Start importing Assets/_SpaceEncounter/Scenes/level - Basement boss fight/Lightmap-5_comp_dir.png using Guid(550a12b77bc80c24eafeecfafde06eac) Importer(815301076,1909f56bfc062723c751e8b465ee728b)  -> (artifact id: 'db93430cca33ecb29ecc25de7f408ad6') in 0.016755 seconds
  Import took 0.022364 seconds .

========================================================================
Received Import Request.
  Time since last request: 0.000499 seconds.
  path: Assets/_SpaceEncounter/Scenes/level - Basement boss fight/Lightmap-8_comp_dir.png
  artifactKey: Guid(c6916f9fb9be11c40a8392b093cf0aba) Importer(815301076,1909f56bfc062723c751e8b465ee728b)
Start importing Assets/_SpaceEncounter/Scenes/level - Basement boss fight/Lightmap-8_comp_dir.png using Guid(c6916f9fb9be11c40a8392b093cf0aba) Importer(815301076,1909f56bfc062723c751e8b465ee728b)  -> (artifact id: '2bc565a4d5143b738ce46af310697649') in 0.017934 seconds
  Import took 0.023949 seconds .

========================================================================
Received Import Request.
  Time since last request: 0.000487 seconds.
  path: Assets/_SpaceEncounter/Scenes/level - Basement boss fight/Lightmap-9_comp_light.exr
  artifactKey: Guid(18ca53e4cfdd1ad47b18809a78791694) Importer(815301076,1909f56bfc062723c751e8b465ee728b)
Start importing Assets/_SpaceEncounter/Scenes/level - Basement boss fight/Lightmap-9_comp_light.exr using Guid(18ca53e4cfdd1ad47b18809a78791694) Importer(815301076,1909f56bfc062723c751e8b465ee728b)  -> (artifact id: 'bc4374e54c1fc6bfafb654c6fec45579') in 0.016982 seconds
  Import took 0.022591 seconds .

========================================================================
Received Import Request.
  Time since last request: 0.000571 seconds.
  path: Assets/_SpaceEncounter/Scenes/level - Basement boss fight/Lightmap-0_comp_dir.png
  artifactKey: Guid(b208826726483c846a4b3d48d1e9fe18) Importer(815301076,1909f56bfc062723c751e8b465ee728b)
Start importing Assets/_SpaceEncounter/Scenes/level - Basement boss fight/Lightmap-0_comp_dir.png using Guid(b208826726483c846a4b3d48d1e9fe18) Importer(815301076,1909f56bfc062723c751e8b465ee728b)  -> (artifact id: '7e0454ed264a2b3a00fd68a892973c47') in 0.019377 seconds
  Import took 0.025005 seconds .

========================================================================
Received Import Request.
  Time since last request: 0.000551 seconds.
  path: Assets/_SpaceEncounter/Scenes/level - Basement boss fight/Lightmap-12_comp_dir.png
  artifactKey: Guid(3f6e7c840425fd44d9f8a764d77c4fbb) Importer(815301076,1909f56bfc062723c751e8b465ee728b)
Start importing Assets/_SpaceEncounter/Scenes/level - Basement boss fight/Lightmap-12_comp_dir.png using Guid(3f6e7c840425fd44d9f8a764d77c4fbb) Importer(815301076,1909f56bfc062723c751e8b465ee728b)  -> (artifact id: 'cdbb2e878ae037214a784d61318fb894') in 0.040383 seconds
  Import took 0.103372 seconds .

========================================================================
Received Import Request.
  Time since last request: 0.000751 seconds.
  path: Assets/_SpaceEncounter/Scenes/level - Basement boss fight/Lightmap-13_comp_light.exr
  artifactKey: Guid(a855aa03b4fe5bc4faaba044704c5147) Importer(815301076,1909f56bfc062723c751e8b465ee728b)
Start importing Assets/_SpaceEncounter/Scenes/level - Basement boss fight/Lightmap-13_comp_light.exr using Guid(a855aa03b4fe5bc4faaba044704c5147) Importer(815301076,1909f56bfc062723c751e8b465ee728b)  -> (artifact id: '548f30484b8bb777fff55505a0d84231') in 0.026068 seconds
  Import took 0.032511 seconds .

========================================================================
Received Import Request.
  Time since last request: 0.000524 seconds.
  path: Assets/_SpaceEncounter/Audio/ALienEnragedd.wav
  artifactKey: Guid(fa3c60d7836d99749a48f42e07ff4d93) Importer(815301076,1909f56bfc062723c751e8b465ee728b)
Start importing Assets/_SpaceEncounter/Audio/ALienEnragedd.wav using Guid(fa3c60d7836d99749a48f42e07ff4d93) Importer(815301076,1909f56bfc062723c751e8b465ee728b)  -> (artifact id: 'd052c98acda0b8caf81f928eaa8cb00f') in 0.014090 seconds
  Import took 0.019538 seconds .

========================================================================
Received Import Request.
  Time since last request: 0.000555 seconds.
  path: Assets/_SpaceEncounter/Scenes/level - Basement boss fight/Lightmap-11_comp_light.exr
  artifactKey: Guid(08a9a146ec3ec92478e34bac236755fb) Importer(815301076,1909f56bfc062723c751e8b465ee728b)
Start importing Assets/_SpaceEncounter/Scenes/level - Basement boss fight/Lightmap-11_comp_light.exr using Guid(08a9a146ec3ec92478e34bac236755fb) Importer(815301076,1909f56bfc062723c751e8b465ee728b)  -> (artifact id: '851dfbd582fb60cd0128d314909ecd41') in 0.038620 seconds
  Import took 0.044907 seconds .

========================================================================
Received Import Request.
  Time since last request: 0.000531 seconds.
  path: Assets/_SpaceEncounter/Textures/Projectiles/Projectile Particle (Fire Ball).png
  artifactKey: Guid(128d671233d89c54894c8219519e0e83) Importer(815301076,1909f56bfc062723c751e8b465ee728b)
Start importing Assets/_SpaceEncounter/Textures/Projectiles/Projectile Particle (Fire Ball).png using Guid(128d671233d89c54894c8219519e0e83) Importer(815301076,1909f56bfc062723c751e8b465ee728b)  -> (artifact id: '14245d1aaf95485bac54c41273fb81e6') in 0.102707 seconds
  Import took 0.119925 seconds .

========================================================================
Received Import Request.
  Time since last request: 0.000558 seconds.
  path: Assets/_SpaceEncounter/Scenes/level - Basement boss fight/Lightmap-15_comp_dir.png
  artifactKey: Guid(6951228c318c3224c9369f0ab6a38d9c) Importer(815301076,1909f56bfc062723c751e8b465ee728b)
Start importing Assets/_SpaceEncounter/Scenes/level - Basement boss fight/Lightmap-15_comp_dir.png using Guid(6951228c318c3224c9369f0ab6a38d9c) Importer(815301076,1909f56bfc062723c751e8b465ee728b)  -> (artifact id: 'e71c79824ae035d9ffedd66df4856f44') in 0.018826 seconds
  Import took 0.051384 seconds .

========================================================================
Received Import Request.
  Time since last request: 0.001126 seconds.
  path: Assets/_SpaceEncounter/Scenes/level - Basement boss fight/Lightmap-1_comp_dir.png
  artifactKey: Guid(d887205d5bd66134094889a3b17838be) Importer(815301076,1909f56bfc062723c751e8b465ee728b)
Start importing Assets/_SpaceEncounter/Scenes/level - Basement boss fight/Lightmap-1_comp_dir.png using Guid(d887205d5bd66134094889a3b17838be) Importer(815301076,1909f56bfc062723c751e8b465ee728b)  -> (artifact id: '9b32613001983d682eeb3c1cbaf9dfa7') in 0.036044 seconds
  Import took 0.043791 seconds .

========================================================================
Received Import Request.
  Time since last request: 0.000492 seconds.
  path: Assets/_SpaceEncounter/Audio/BackroundSpaceship.wav
  artifactKey: Guid(1ff034efe5f05a04f9e7f551d3ec91f8) Importer(815301076,1909f56bfc062723c751e8b465ee728b)
Start importing Assets/_SpaceEncounter/Audio/BackroundSpaceship.wav using Guid(1ff034efe5f05a04f9e7f551d3ec91f8) Importer(815301076,1909f56bfc062723c751e8b465ee728b)  -> (artifact id: 'd6091f388bd909e2bcd06ba26e52b682') in 0.052827 seconds
  Import took 0.097258 seconds .

========================================================================
Received Import Request.
  Time since last request: 0.000513 seconds.
  path: Assets/_SpaceEncounter/Audio/playerWalk.wav
  artifactKey: Guid(a876c9631ae58cd4d99d8affbf6f1697) Importer(815301076,1909f56bfc062723c751e8b465ee728b)
Start importing Assets/_SpaceEncounter/Audio/playerWalk.wav using Guid(a876c9631ae58cd4d99d8affbf6f1697) Importer(815301076,1909f56bfc062723c751e8b465ee728b)  -> (artifact id: '65880669582a137e5612b711cb8e5994') in 0.016540 seconds
  Import took 0.021930 seconds .

========================================================================
Received Import Request.
  Time since last request: 0.000491 seconds.
  path: Assets/_SpaceEncounter/Audio/ElectricityFixed.wav
  artifactKey: Guid(1a4df28047b66be44a841c8bc74c6aed) Importer(815301076,1909f56bfc062723c751e8b465ee728b)
Start importing Assets/_SpaceEncounter/Audio/ElectricityFixed.wav using Guid(1a4df28047b66be44a841c8bc74c6aed) Importer(815301076,1909f56bfc062723c751e8b465ee728b)  -> (artifact id: '1a8fa2f115c033f0d25e40d9cfc7f948') in 0.133150 seconds
  Import took 0.138905 seconds .

========================================================================
Received Import Request.
  Time since last request: 0.000501 seconds.
  path: Assets/_SpaceEncounter/Scenes/level - Basement boss fight/Lightmap-5_comp_light.exr
  artifactKey: Guid(620b4103ccf141e4ea7ba66b8b80d92e) Importer(815301076,1909f56bfc062723c751e8b465ee728b)
Start importing Assets/_SpaceEncounter/Scenes/level - Basement boss fight/Lightmap-5_comp_light.exr using Guid(620b4103ccf141e4ea7ba66b8b80d92e) Importer(815301076,1909f56bfc062723c751e8b465ee728b)  -> (artifact id: '5839e6671bb602ef6f6a214c2ad65365') in 0.030719 seconds
  Import took 0.036553 seconds .

========================================================================
Received Import Request.
  Time since last request: 0.000498 seconds.
  path: Assets/_SpaceEncounter/Scenes/level - Basement boss fight/Lightmap-14_comp_dir.png
  artifactKey: Guid(c7fa46a3f2dc38344a24a6235b0b0c2a) Importer(815301076,1909f56bfc062723c751e8b465ee728b)
Start importing Assets/_SpaceEncounter/Scenes/level - Basement boss fight/Lightmap-14_comp_dir.png using Guid(c7fa46a3f2dc38344a24a6235b0b0c2a) Importer(815301076,1909f56bfc062723c751e8b465ee728b)  -> (artifact id: '4bda167caae1117a0f46b2309b9992bd') in 0.016260 seconds
  Import took 0.022254 seconds .

========================================================================
Received Import Request.
  Time since last request: 0.000487 seconds.
  path: Assets/_SpaceEncounter/Scenes/level - Basement boss fight/Lightmap-14_comp_light.exr
  artifactKey: Guid(0d017611116ec054597617be29ad7fdb) Importer(815301076,1909f56bfc062723c751e8b465ee728b)
Start importing Assets/_SpaceEncounter/Scenes/level - Basement boss fight/Lightmap-14_comp_light.exr using Guid(0d017611116ec054597617be29ad7fdb) Importer(815301076,1909f56bfc062723c751e8b465ee728b)  -> (artifact id: 'e072f05cafe88e809d32d525ad2fef7d') in 0.019617 seconds
  Import took 0.026010 seconds .

========================================================================
Received Import Request.
  Time since last request: 0.000489 seconds.
  path: Assets/_SpaceEncounter/Scenes/level - Basement boss fight/Lightmap-8_comp_light.exr
  artifactKey: Guid(40ea098fd6924e64b954100a1afc5762) Importer(815301076,1909f56bfc062723c751e8b465ee728b)
Start importing Assets/_SpaceEncounter/Scenes/level - Basement boss fight/Lightmap-8_comp_light.exr using Guid(40ea098fd6924e64b954100a1afc5762) Importer(815301076,1909f56bfc062723c751e8b465ee728b)  -> (artifact id: 'e68b5389697bece7cff30bad7a9cd39d') in 0.019507 seconds
  Import took 0.024919 seconds .

========================================================================
Received Import Request.
  Time since last request: 0.000501 seconds.
  path: Assets/_SpaceEncounter/Audio/AlienDiee.wav
  artifactKey: Guid(15b40fedadcf2184dbe713db3a8dec6f) Importer(815301076,1909f56bfc062723c751e8b465ee728b)
Start importing Assets/_SpaceEncounter/Audio/AlienDiee.wav using Guid(15b40fedadcf2184dbe713db3a8dec6f) Importer(815301076,1909f56bfc062723c751e8b465ee728b)  -> (artifact id: 'cb0e46b7e2abcfba2117eb6437dda903') in 0.014285 seconds
  Import took 0.019580 seconds .

========================================================================
Received Import Request.
  Time since last request: 0.000488 seconds.
  path: Assets/_SpaceEncounter/Audio/DoorExtended.wav
  artifactKey: Guid(8f9e6d8d8994eb248aba331f809c6e1a) Importer(815301076,1909f56bfc062723c751e8b465ee728b)
Start importing Assets/_SpaceEncounter/Audio/DoorExtended.wav using Guid(8f9e6d8d8994eb248aba331f809c6e1a) Importer(815301076,1909f56bfc062723c751e8b465ee728b)  -> (artifact id: '688b525e0129dc03bd523476134b64d0') in 0.033914 seconds
  Import took 0.039497 seconds .

========================================================================
Received Import Request.
  Time since last request: 0.000443 seconds.
  path: Assets/_SpaceEncounter/Audio/ComputerWhine.wav
  artifactKey: Guid(69f2bcabbee3b154b8175b5e3179bc1f) Importer(815301076,1909f56bfc062723c751e8b465ee728b)
Start importing Assets/_SpaceEncounter/Audio/ComputerWhine.wav using Guid(69f2bcabbee3b154b8175b5e3179bc1f) Importer(815301076,1909f56bfc062723c751e8b465ee728b)  -> (artifact id: '0cb4e1f016c2757597046368dd650477') in 0.030107 seconds
  Import took 0.035633 seconds .

========================================================================
Received Import Request.
  Time since last request: 0.000535 seconds.
  path: Assets/_SpaceEncounter/Textures/Projectiles/Projectile Outer Field.png
  artifactKey: Guid(d4474d83aff943740b488c6694affd2c) Importer(815301076,1909f56bfc062723c751e8b465ee728b)
Start importing Assets/_SpaceEncounter/Textures/Projectiles/Projectile Outer Field.png using Guid(d4474d83aff943740b488c6694affd2c) Importer(815301076,1909f56bfc062723c751e8b465ee728b)  -> (artifact id: 'd379fd32aa55c1cd4a9185e8b77bbc00') in 0.137807 seconds
  Import took 0.143649 seconds .

========================================================================
Received Import Request.
  Time since last request: 0.000505 seconds.
  path: Assets/_SpaceEncounter/Audio/AlienLaugh.wav
  artifactKey: Guid(220f8eef408ef4d42840e3ac4c073f44) Importer(815301076,1909f56bfc062723c751e8b465ee728b)
Start importing Assets/_SpaceEncounter/Audio/AlienLaugh.wav using Guid(220f8eef408ef4d42840e3ac4c073f44) Importer(815301076,1909f56bfc062723c751e8b465ee728b)  -> (artifact id: 'add6745bd28fadb5200b6ac884a84b7f') in 0.019839 seconds
  Import took 0.028148 seconds .

========================================================================
Received Import Request.
  Time since last request: 0.000519 seconds.
  path: Assets/_SpaceEncounter/Scenes/level - Basement boss fight/Lightmap-1_comp_light.exr
  artifactKey: Guid(65d8c2017a329664eba8b514182ac579) Importer(815301076,1909f56bfc062723c751e8b465ee728b)
Start importing Assets/_SpaceEncounter/Scenes/level - Basement boss fight/Lightmap-1_comp_light.exr using Guid(65d8c2017a329664eba8b514182ac579) Importer(815301076,1909f56bfc062723c751e8b465ee728b)  -> (artifact id: '35c5ac9304537a4aed7cc966c89a67a5') in 0.020772 seconds
  Import took 0.026462 seconds .

========================================================================
Received Import Request.
  Time since last request: 0.000444 seconds.
  path: Assets/_SpaceEncounter/Scenes/level - Basement boss fight/Lightmap-6_comp_dir.png
  artifactKey: Guid(f2d3d41ceb01cd3448fed2f5f07a2acc) Importer(815301076,1909f56bfc062723c751e8b465ee728b)
Start importing Assets/_SpaceEncounter/Scenes/level - Basement boss fight/Lightmap-6_comp_dir.png using Guid(f2d3d41ceb01cd3448fed2f5f07a2acc) Importer(815301076,1909f56bfc062723c751e8b465ee728b)  -> (artifact id: '7ae6bde33c982aada105bda0233b38fe') in 0.018279 seconds
  Import took 0.025636 seconds .

========================================================================
Received Import Request.
  Time since last request: 0.000434 seconds.
  path: Assets/_SpaceEncounter/Audio/playerShoot2.wav
  artifactKey: Guid(fa2a850de196ccc4c866ded5ddb29601) Importer(815301076,1909f56bfc062723c751e8b465ee728b)
Start importing Assets/_SpaceEncounter/Audio/playerShoot2.wav using Guid(fa2a850de196ccc4c866ded5ddb29601) Importer(815301076,1909f56bfc062723c751e8b465ee728b)  -> (artifact id: 'da7e92b8298f216f055976617ec65546') in 0.030167 seconds
  Import took 0.035645 seconds .

========================================================================
Received Import Request.
  Time since last request: 0.000371 seconds.
  path: Assets/_SpaceEncounter/Scenes/level - Basement boss fight/Lightmap-6_comp_light.exr
  artifactKey: Guid(977ac9aac138d724a88ca69ec32fe730) Importer(815301076,1909f56bfc062723c751e8b465ee728b)
Start importing Assets/_SpaceEncounter/Scenes/level - Basement boss fight/Lightmap-6_comp_light.exr using Guid(977ac9aac138d724a88ca69ec32fe730) Importer(815301076,1909f56bfc062723c751e8b465ee728b)  -> (artifact id: '26c3e0ef3b6844fec4a2782a5c2297b0') in 0.032203 seconds
  Import took 0.056947 seconds .

========================================================================
Received Import Request.
  Time since last request: 0.000474 seconds.
  path: Assets/_SpaceEncounter/Scenes/level - Basement boss fight/Lightmap-4_comp_dir.png
  artifactKey: Guid(5381fbe0404e59048a1bc87b2c884c8e) Importer(815301076,1909f56bfc062723c751e8b465ee728b)
Start importing Assets/_SpaceEncounter/Scenes/level - Basement boss fight/Lightmap-4_comp_dir.png using Guid(5381fbe0404e59048a1bc87b2c884c8e) Importer(815301076,1909f56bfc062723c751e8b465ee728b)  -> (artifact id: '893e9f32bf182ff002182a82c354aa7d') in 0.031750 seconds
  Import took 0.037445 seconds .

========================================================================
Received Import Request.
  Time since last request: 0.000418 seconds.
  path: Assets/_SpaceEncounter/Audio/Sparks.wav
  artifactKey: Guid(e292eb2766a760b4bb410eee7200d61f) Importer(815301076,1909f56bfc062723c751e8b465ee728b)
Start importing Assets/_SpaceEncounter/Audio/Sparks.wav using Guid(e292eb2766a760b4bb410eee7200d61f) Importer(815301076,1909f56bfc062723c751e8b465ee728b)  -> (artifact id: '2c036703e70fb97a22a7f3df25e311ce') in 0.071585 seconds
  Import took 0.080946 seconds .

========================================================================
Received Import Request.
  Time since last request: 0.000406 seconds.
  path: Assets/_SpaceEncounter/Scenes/level - Basement boss fight/LightingData.asset
  artifactKey: Guid(afd5ac09c6de90144a3b03a1ed8c6b67) Importer(815301076,1909f56bfc062723c751e8b465ee728b)
Start importing Assets/_SpaceEncounter/Scenes/level - Basement boss fight/LightingData.asset using Guid(afd5ac09c6de90144a3b03a1ed8c6b67) Importer(815301076,1909f56bfc062723c751e8b465ee728b)  -> (artifact id: '758800fca4b8820dc455f9a8d5610869') in 0.021098 seconds
  Import took 0.032784 seconds .

========================================================================
Received Import Request.
  Time since last request: 0.000692 seconds.
  path: Assets/_SpaceEncounter/Scenes/level - Basement boss fight/Lightmap-7_comp_light.exr
  artifactKey: Guid(a65de4c306261be42b78e24ab146d632) Importer(815301076,1909f56bfc062723c751e8b465ee728b)
Start importing Assets/_SpaceEncounter/Scenes/level - Basement boss fight/Lightmap-7_comp_light.exr using Guid(a65de4c306261be42b78e24ab146d632) Importer(815301076,1909f56bfc062723c751e8b465ee728b)  -> (artifact id: '29ec899141901ac4b9466a52f9715ab7') in 0.031001 seconds
  Import took 0.038590 seconds .

========================================================================
Received Import Request.
  Time since last request: 0.000577 seconds.
  path: Assets/_SpaceEncounter/Scenes/level - Basement boss fight/Lightmap-11_comp_dir.png
  artifactKey: Guid(e4f5f5e10d5840e4f8490d60a27e9780) Importer(815301076,1909f56bfc062723c751e8b465ee728b)
Start importing Assets/_SpaceEncounter/Scenes/level - Basement boss fight/Lightmap-11_comp_dir.png using Guid(e4f5f5e10d5840e4f8490d60a27e9780) Importer(815301076,1909f56bfc062723c751e8b465ee728b)  -> (artifact id: '989f0658d6e0ebb700e0e1d0bda7226b') in 0.022784 seconds
  Import took 0.033078 seconds .

========================================================================
Received Import Request.
  Time since last request: 0.000396 seconds.
  path: Assets/_SpaceEncounter/Audio/BackgroundFight.wav
  artifactKey: Guid(729676fd190184d45a4c36d46dcbdf6b) Importer(815301076,1909f56bfc062723c751e8b465ee728b)
Start importing Assets/_SpaceEncounter/Audio/BackgroundFight.wav using Guid(729676fd190184d45a4c36d46dcbdf6b) Importer(815301076,1909f56bfc062723c751e8b465ee728b)  -> (artifact id: 'ff0ca6c93edcc75430713b168f0de221') in 0.026117 seconds
  Import took 0.046955 seconds .

========================================================================
Received Import Request.
  Time since last request: 0.000360 seconds.
  path: Assets/_SpaceEncounter/Scenes/NewWorldBasement.asset
  artifactKey: Guid(b9bb23a96e6d4b54d9c1a6840e7dc08b) Importer(815301076,1909f56bfc062723c751e8b465ee728b)
Start importing Assets/_SpaceEncounter/Scenes/NewWorldBasement.asset using Guid(b9bb23a96e6d4b54d9c1a6840e7dc08b) Importer(815301076,1909f56bfc062723c751e8b465ee728b)  -> (artifact id: '4f9f27419e6ba8cf23f34b4ca6fdc05c') in 0.152049 seconds
  Import took 0.164860 seconds .

========================================================================
Received Import Request.
  Time since last request: 0.000404 seconds.
  path: Assets/_SpaceEncounter/Scenes/level - Basement boss fight/Lightmap-12_comp_light.exr
  artifactKey: Guid(441f6027b74fe0f4f9e411b1eb11d74f) Importer(815301076,1909f56bfc062723c751e8b465ee728b)
Start importing Assets/_SpaceEncounter/Scenes/level - Basement boss fight/Lightmap-12_comp_light.exr using Guid(441f6027b74fe0f4f9e411b1eb11d74f) Importer(815301076,1909f56bfc062723c751e8b465ee728b)  -> (artifact id: 'f2382da4c20f53d2f3c936de59451539') in 0.027041 seconds
  Import took 0.049487 seconds .

========================================================================
Received Import Request.
  Time since last request: 0.000373 seconds.
  path: Assets/_SpaceEncounter/Textures/Projectiles/Fire Ball Projectile.png
  artifactKey: Guid(1ff9a0f5189bbf34eab9f65877e1550d) Importer(815301076,1909f56bfc062723c751e8b465ee728b)
Start importing Assets/_SpaceEncounter/Textures/Projectiles/Fire Ball Projectile.png using Guid(1ff9a0f5189bbf34eab9f65877e1550d) Importer(815301076,1909f56bfc062723c751e8b465ee728b)  -> (artifact id: '2a0fb2730b850fc4a09d3eb8c6e44c5d') in 0.116294 seconds
  Import took 0.127268 seconds .

========================================================================
Received Import Request.
  Time since last request: 0.000677 seconds.
  path: Assets/_SpaceEncounter/Audio/AlienShoot1.wav
  artifactKey: Guid(54eb8eef7d8d78c44a5093dd23886534) Importer(815301076,1909f56bfc062723c751e8b465ee728b)
Start importing Assets/_SpaceEncounter/Audio/AlienShoot1.wav using Guid(54eb8eef7d8d78c44a5093dd23886534) Importer(815301076,1909f56bfc062723c751e8b465ee728b)  -> (artifact id: 'b038e4740970837b87e5931fe07beda6') in 0.046032 seconds
  Import took 0.054714 seconds .

========================================================================
Received Import Request.
  Time since last request: 0.000480 seconds.
  path: Assets/_SpaceEncounter/Audio/Gas.wav
  artifactKey: Guid(9bec13031d549ce45bad286f0d3c260b) Importer(815301076,1909f56bfc062723c751e8b465ee728b)
Start importing Assets/_SpaceEncounter/Audio/Gas.wav using Guid(9bec13031d549ce45bad286f0d3c260b) Importer(815301076,1909f56bfc062723c751e8b465ee728b)  -> (artifact id: 'f46e10e3700a40a8d3de1ac6267bb5a0') in 0.051034 seconds
  Import took 0.077180 seconds .

========================================================================
Received Import Request.
  Time since last request: 0.000428 seconds.
  path: Assets/_SpaceEncounter/Audio/playerRun.wav
  artifactKey: Guid(78e6dbecb2f1efb4986e8dd2052776e4) Importer(815301076,1909f56bfc062723c751e8b465ee728b)
Start importing Assets/_SpaceEncounter/Audio/playerRun.wav using Guid(78e6dbecb2f1efb4986e8dd2052776e4) Importer(815301076,1909f56bfc062723c751e8b465ee728b)  -> (artifact id: '5d2ac9bf16aec6ab7a168979e4fbb202') in 0.027668 seconds
  Import took 0.037592 seconds .

========================================================================
Received Import Request.
  Time since last request: 0.000429 seconds.
  path: Assets/_SpaceEncounter/Scenes/level - Basement boss fight/Lightmap-4_comp_light.exr
  artifactKey: Guid(479db1a5d3fa854419d211b0945c7095) Importer(815301076,1909f56bfc062723c751e8b465ee728b)
Start importing Assets/_SpaceEncounter/Scenes/level - Basement boss fight/Lightmap-4_comp_light.exr using Guid(479db1a5d3fa854419d211b0945c7095) Importer(815301076,1909f56bfc062723c751e8b465ee728b)  -> (artifact id: 'a940bc47a8e318ae3a15f0e78e1a17e2') in 0.025687 seconds
  Import took 0.034982 seconds .

========================================================================
Received Import Request.
  Time since last request: 0.000465 seconds.
  path: Assets/_SpaceEncounter/Scenes/level - Basement boss fight.unity
  artifactKey: Guid(05585d2cf75cea8478247b81c06ac771) Importer(815301076,1909f56bfc062723c751e8b465ee728b)
Start importing Assets/_SpaceEncounter/Scenes/level - Basement boss fight.unity using Guid(05585d2cf75cea8478247b81c06ac771) Importer(815301076,1909f56bfc062723c751e8b465ee728b)  -> (artifact id: '5c8c6fdd2d295aaeb174486d0c133738') in 0.014612 seconds
  Import took 0.066665 seconds .

========================================================================
Received Import Request.
  Time since last request: 0.000703 seconds.
  path: Assets/_SpaceEncounter/Scenes/level - Basement boss fight/Lightmap-0_comp_light.exr
  artifactKey: Guid(f1b0b2d965651474981ec5cdd1c79bce) Importer(815301076,1909f56bfc062723c751e8b465ee728b)
Start importing Assets/_SpaceEncounter/Scenes/level - Basement boss fight/Lightmap-0_comp_light.exr using Guid(f1b0b2d965651474981ec5cdd1c79bce) Importer(815301076,1909f56bfc062723c751e8b465ee728b)  -> (artifact id: '91a637e5de622de60909821813ed1046') in 0.022170 seconds
  Import took 0.032035 seconds .

========================================================================
Received Import Request.
  Time since last request: 0.000391 seconds.
  path: Assets/_SpaceEncounter/Scenes/level - Basement boss fight/Lightmap-3_comp_dir.png
  artifactKey: Guid(56d99e7c19775f04ea816af2fac34cba) Importer(815301076,1909f56bfc062723c751e8b465ee728b)
Start importing Assets/_SpaceEncounter/Scenes/level - Basement boss fight/Lightmap-3_comp_dir.png using Guid(56d99e7c19775f04ea816af2fac34cba) Importer(815301076,1909f56bfc062723c751e8b465ee728b)  -> (artifact id: '0a210e0137131719c0323853b1ecb01e') in 0.037433 seconds
  Import took 0.046872 seconds .

========================================================================
Received Import Request.
  Time since last request: 0.000411 seconds.
  path: Assets/_SpaceEncounter/Scenes/level - Basement boss fight/Lightmap-10_comp_light.exr
  artifactKey: Guid(03dbafd69be92c243be6e82678c120e9) Importer(815301076,1909f56bfc062723c751e8b465ee728b)
Start importing Assets/_SpaceEncounter/Scenes/level - Basement boss fight/Lightmap-10_comp_light.exr using Guid(03dbafd69be92c243be6e82678c120e9) Importer(815301076,1909f56bfc062723c751e8b465ee728b)  -> (artifact id: '63b5b3661499e8eb9aaba96526ea5e66') in 0.035135 seconds
  Import took 0.043960 seconds .

========================================================================
Received Import Request.
  Time since last request: 0.000355 seconds.
  path: Assets/_SpaceEncounter/Scenes/level - Basement boss fight/Lightmap-15_comp_light.exr
  artifactKey: Guid(0f8d15521b464e64dab92c435f0d14fc) Importer(815301076,1909f56bfc062723c751e8b465ee728b)
Start importing Assets/_SpaceEncounter/Scenes/level - Basement boss fight/Lightmap-15_comp_light.exr using Guid(0f8d15521b464e64dab92c435f0d14fc) Importer(815301076,1909f56bfc062723c751e8b465ee728b)  -> (artifact id: 'cfb835ef6b0b1668aa9d5ab5ce2a551a') in 0.026120 seconds
  Import took 0.056048 seconds .

========================================================================
Received Import Request.
  Time since last request: 0.000908 seconds.
  path: Assets/_SpaceEncounter/Scenes/level - Basement boss fight/Lightmap-2_comp_dir.png
  artifactKey: Guid(86d60e657af4e684fbaff839b226271f) Importer(815301076,1909f56bfc062723c751e8b465ee728b)
Start importing Assets/_SpaceEncounter/Scenes/level - Basement boss fight/Lightmap-2_comp_dir.png using Guid(86d60e657af4e684fbaff839b226271f) Importer(815301076,1909f56bfc062723c751e8b465ee728b)  -> (artifact id: '0d3c9daf27e3ae5db19c6077cccabb18') in 0.026499 seconds
  Import took 0.036122 seconds .

========================================================================
Received Import Request.
  Time since last request: 126.296511 seconds.
  path: ProjectSettings/TagManager.asset
  artifactKey: Guid(00000000000000003000000000000000) Importer(815301076,1909f56bfc062723c751e8b465ee728b)
Start importing ProjectSettings/TagManager.asset using Guid(00000000000000003000000000000000) Importer(815301076,1909f56bfc062723c751e8b465ee728b)  -> (artifact id: '16be676450d44e2f6ec1e370387d2562') in 0.010209 seconds
  Import took 0.016243 seconds .

========================================================================
Received Import Request.
  Time since last request: 0.032118 seconds.
  path: ProjectSettings/TagManager.asset
  artifactKey: Guid(00000000000000003000000000000000) Importer(815301076,1909f56bfc062723c751e8b465ee728b)
Start importing ProjectSettings/TagManager.asset using Guid(00000000000000003000000000000000) Importer(815301076,1909f56bfc062723c751e8b465ee728b)  -> (artifact id: '16be676450d44e2f6ec1e370387d2562') in 0.016141 seconds
  Import took 0.034684 seconds .

========================================================================
Received Prepare
Registering precompiled user dll's ...
Registered in 0.001935 seconds.
Begin MonoManager ReloadAssembly
Native extension for WindowsStandalone target not found
Native extension for WebGL target not found
Refreshing native plugins compatible for Editor in 0.75 ms, found 0 plugins.
Preloading 0 native plugins for Editor in 0.00 ms.
Mono: successfully reloaded assembly
- Completed reload, in  1.473 seconds
Platform modules already initialized, skipping
Shader 'Universal Render Pipeline/Particles/Lit': fallback shader 'Universal Render Pipeline/Particles/SimpleLit' not found
Shader 'Universal Render Pipeline/Particles/Lit': fallback shader 'Universal Render Pipeline/Particles/SimpleLit' not found
Refreshing native plugins compatible for Editor in 0.71 ms, found 0 plugins.
Preloading 0 native plugins for Editor in 0.00 ms.
Unloading 2391 Unused Serialized files (Serialized files now loaded: 0)
System memory in use before: 119.2 MB.
System memory in use after: 118.0 MB.

Unloading 28 unused Assets to reduce memory usage. Loaded Objects now: 2917.
Total: 9.006700 ms (FindLiveObjects: 0.811500 ms CreateObjectMapping: 0.457000 ms MarkObjects: 6.034300 ms  DeleteObjects: 1.700900 ms)

========================================================================
Received Import Request.
  Time since last request: 550.169152 seconds.
  path: Assets/_SpaceEncounter/Scenes/level - Inside The Spaceship.unity
  artifactKey: Guid(1e41e871a6c2c574fb4a5efab27ca7e3) Importer(815301076,1909f56bfc062723c751e8b465ee728b)
Start importing Assets/_SpaceEncounter/Scenes/level - Inside The Spaceship.unity using Guid(1e41e871a6c2c574fb4a5efab27ca7e3) Importer(815301076,1909f56bfc062723c751e8b465ee728b)  -> (artifact id: '28bb5b72928b5cc11234ee8e3d941dc0') in 0.026816 seconds
  Import took 0.035303 seconds .

========================================================================
Received Prepare
Registering precompiled user dll's ...
Registered in 0.001224 seconds.
Begin MonoManager ReloadAssembly
Native extension for WindowsStandalone target not found
Native extension for WebGL target not found
Refreshing native plugins compatible for Editor in 0.53 ms, found 0 plugins.
Preloading 0 native plugins for Editor in 0.00 ms.
Mono: successfully reloaded assembly
- Completed reload, in  0.879 seconds
Platform modules already initialized, skipping
Shader 'Universal Render Pipeline/Particles/Lit': fallback shader 'Universal Render Pipeline/Particles/SimpleLit' not found
Shader 'Universal Render Pipeline/Particles/Lit': fallback shader 'Universal Render Pipeline/Particles/SimpleLit' not found
Refreshing native plugins compatible for Editor in 1.52 ms, found 0 plugins.
Preloading 0 native plugins for Editor in 0.00 ms.
Unloading 2379 Unused Serialized files (Serialized files now loaded: 0)
System memory in use before: 118.3 MB.
System memory in use after: 117.1 MB.

Unloading 26 unused Assets to reduce memory usage. Loaded Objects now: 2920.
Total: 3.406700 ms (FindLiveObjects: 0.375000 ms CreateObjectMapping: 0.123800 ms MarkObjects: 1.846200 ms  DeleteObjects: 1.058900 ms)

AssetImportWorkerClient::OnTransportError - code=2 error=End of file
